
> shelljs@1.0.0 start
> node index

1、每次计划执行前的事件。
From github.com:fundgao/github-green
   ab22627..aea582d  main       -> origin/main
Updating ab22627..aea582d
Fast-forward
 README.md | 6 ++++++
 1 file changed, 6 insertions(+)
[main 9263703] feat: auto commit 2024-10-29 20
 3 files changed, 14 insertions(+), 2 deletions(-)
 create mode 100644 shelljs/nohup.out
To github.com:fundgao/github-green.git
   aea582d..9263703  main -> main
3、每次计划执行后的事件。
4、每次计划执行成功事件。
1、每次计划执行前的事件。
Already up to date.
[main c487007] feat: auto commit 2024-10-30 20
 2 files changed, 4 insertions(+), 1 deletion(-)
To github.com:fundgao/github-green.git
   317f050..c487007  main -> main
3、每次计划执行后的事件。
4、每次计划执行成功事件。
1、每次计划执行前的事件。
From github.com:fundgao/github-green
   71028fd..cbc04ee  main       -> origin/main
Updating 71028fd..cbc04ee
Fast-forward
 .github/workflows/ci.yml | 28 ++++++++++++++++++++++++++++
 README.md                | 10 ++++++++++
 2 files changed, 38 insertions(+)
 create mode 100644 .github/workflows/ci.yml
[main 05a86d9] feat: auto commit 2024-10-31 20
 2 files changed, 11 insertions(+), 1 deletion(-)
To github.com:fundgao/github-green.git
   cbc04ee..05a86d9  main -> main
3、每次计划执行后的事件。
4、每次计划执行成功事件。
1、每次计划执行前的事件。
From github.com:fundgao/github-green
   ef2be38..fe05779  main       -> origin/main
Updating ef2be38..fe05779
Fast-forward
[main 8769e18] feat: auto commit 2024-11-1 20
 2 files changed, 7 insertions(+), 1 deletion(-)
To github.com:fundgao/github-green.git
   fe05779..8769e18  main -> main
3、每次计划执行后的事件。
4、每次计划执行成功事件。
1、每次计划执行前的事件。
Already up to date.
[main a43ebc4] feat: auto commit 2024-11-2 20
 2 files changed, 4 insertions(+), 1 deletion(-)
To github.com:fundgao/github-green.git
   6965a81..a43ebc4  main -> main
3、每次计划执行后的事件。
4、每次计划执行成功事件。
1、每次计划执行前的事件。
Already up to date.
[main f91a4c6] feat: auto commit 2024-11-3 20
 2 files changed, 4 insertions(+), 1 deletion(-)
To github.com:fundgao/github-green.git
   70b91c0..f91a4c6  main -> main
3、每次计划执行后的事件。
4、每次计划执行成功事件。
1、每次计划执行前的事件。
Already up to date.
[main e3b6e08] feat: auto commit 2024-11-4 20
 2 files changed, 4 insertions(+), 1 deletion(-)
To github.com:fundgao/github-green.git
   ed60d20..e3b6e08  main -> main
3、每次计划执行后的事件。
4、每次计划执行成功事件。
1、每次计划执行前的事件。
Already up to date.
[main 7149a0f] feat: auto commit 2024-11-5 20
 2 files changed, 4 insertions(+), 1 deletion(-)
To github.com:fundgao/github-green.git
   8931370..7149a0f  main -> main
3、每次计划执行后的事件。
4、每次计划执行成功事件。
1、每次计划执行前的事件。
Already up to date.
[main c259a1f] feat: auto commit 2024-11-6 20
 2 files changed, 4 insertions(+), 1 deletion(-)
To github.com:fundgao/github-green.git
   bf55ddf..c259a1f  main -> main
3、每次计划执行后的事件。
4、每次计划执行成功事件。
1、每次计划执行前的事件。
Already up to date.
[main 050e698] feat: auto commit 2024-11-7 20
 2 files changed, 4 insertions(+), 1 deletion(-)
To github.com:fundgao/github-green.git
   b9a6ada..050e698  main -> main
3、每次计划执行后的事件。
4、每次计划执行成功事件。
1、每次计划执行前的事件。
Already up to date.
[main df7787d] feat: auto commit 2024-11-8 20
 2 files changed, 4 insertions(+), 1 deletion(-)
To github.com:fundgao/github-green.git
   ac3bfbe..df7787d  main -> main
3、每次计划执行后的事件。
4、每次计划执行成功事件。
1、每次计划执行前的事件。
Already up to date.
[main dd12c29] feat: auto commit 2024-11-9 20
 2 files changed, 4 insertions(+), 1 deletion(-)
To github.com:fundgao/github-green.git
   c2a6ecd..dd12c29  main -> main
3、每次计划执行后的事件。
4、每次计划执行成功事件。
1、每次计划执行前的事件。
Already up to date.
[main 09fc7b9] feat: auto commit 2024-11-10 20
 2 files changed, 4 insertions(+), 1 deletion(-)
To github.com:fundgao/github-green.git
   3230e0a..09fc7b9  main -> main
3、每次计划执行后的事件。
4、每次计划执行成功事件。
1、每次计划执行前的事件。
Already up to date.
[main 47f6cd0] feat: auto commit 2024-11-11 20
 2 files changed, 4 insertions(+), 1 deletion(-)
To github.com:fundgao/github-green.git
   696ba56..47f6cd0  main -> main
3、每次计划执行后的事件。
4、每次计划执行成功事件。
1、每次计划执行前的事件。
Already up to date.
[main 9a4461f] feat: auto commit 2024-11-12 20
 2 files changed, 4 insertions(+), 1 deletion(-)
To github.com:fundgao/github-green.git
   fd1f184..9a4461f  main -> main
3、每次计划执行后的事件。
4、每次计划执行成功事件。
1、每次计划执行前的事件。
Already up to date.
[main 6c9e71b] feat: auto commit 2024-11-13 20
 2 files changed, 4 insertions(+), 1 deletion(-)
To github.com:fundgao/github-green.git
   40b8cfa..6c9e71b  main -> main
3、每次计划执行后的事件。
4、每次计划执行成功事件。
1、每次计划执行前的事件。
Already up to date.
[main d441992] feat: auto commit 2024-11-14 20
 2 files changed, 4 insertions(+), 1 deletion(-)
To github.com:fundgao/github-green.git
   32e0f51..d441992  main -> main
3、每次计划执行后的事件。
4、每次计划执行成功事件。
1、每次计划执行前的事件。
Already up to date.
[main ec54a35] feat: auto commit 2024-11-15 20
 2 files changed, 4 insertions(+), 1 deletion(-)
To github.com:fundgao/github-green.git
   e12501d..ec54a35  main -> main
3、每次计划执行后的事件。
4、每次计划执行成功事件。
1、每次计划执行前的事件。
ssh: connect to host github.com port 22: Connection timed out
fatal: Could not read from remote repository.

Please make sure you have the correct access rights
and the repository exists.
Error: Git pull failed
